108
122
90
90
108
209
209
220
232
294
254
232
90
306
306
306
108
306
306
122
122
122
306
108
122
122
122
306
122
306
306
108
214
56
306
108
209
209
209
232
232
220
232
306
108
108
108
306
306
306
306
306
306
90
56
56
56
90
108
220
214
90
214
119
220
220
209
232
254
254
294
119
108
214
214
119
214
119
119
108
119
90
90
90
90
108
108
90
90
90
119
122
90
108
119
209
220
209
209
209
254
119
90
90
90
90
108
108
90
90
90
214
119
119
108
119
119
119
119
119
119
122
90
214
119
209
145
209
220
209
254
108
209
209
145
220
145
145
145
145
145
145
220
145
145
145
145
145
145
220
145
119
122
90
214
119
220
209
220
232
232
145
119
220
209
209
209
209
209
220
220
220
209
209
209
209
209
220
209
209
209
90
108
108
214
119
209
209
220
232
294
220
56
209
209
209
209
220
220
209
209
209
209
209
209
220
209
209
209
209
209
220
90
214
214
90
220
209
209
220
232
294
254
56
209
209
220
209
232
232
232
232
209
220
232
232
282
282
209
282
220
282
232
90
214
90
90
220
209
209
209
282
232
254
56
232
282
282
282
232
232
145
294
232
232
232
209
209
282
294
294
294
294
108
306
90
90
282
209
282
282
282
282
254
56
294
294
282
209
220
282
232
294
294
294
294
220
282
232
294
294
294
254
254
306
306
56
108
209
209
220
282
209
282
254
56
254
282
282
282
282
282
282
232
254
294
294
232
254
232
232
282
209
119
90
306
56
90
282
220
209
209
220
294
254
108
56
56
214
56
56
214
108
214
90
214
214
122
306
122
122
122
122
214
214
