108
122
93
155
108
209
209
220
232
272
254
232
155
306
122
306
306
306
306
122
122
122
306
108
122
122
122
306
122
306
306
117
93
56
108
108
209
209
209
232
232
220
232
306
108
108
108
306
306
306
306
306
155
93
56
56
56
93
108
220
155
93
108
117
220
220
209
232
254
254
232
117
108
155
155
155
306
155
117
108
117
93
93
93
93
108
108
93
93
93
117
122
93
108
117
209
220
209
209
252
254
117
93
93
93
93
108
108
117
93
117
117
117
117
108
117
117
117
117
117
117
122
93
155
117
209
145
209
220
209
254
108
209
209
145
220
145
145
145
145
145
145
220
145
145
145
145
145
145
220
145
117
122
93
155
117
220
209
220
232
232
145
117
220
209
209
209
209
209
220
220
220
209
209
209
209
209
220
209
209
209
117
108
108
155
117
209
209
220
232
232
220
56
209
209
209
209
220
220
209
209
209
209
209
209
220
209
209
209
209
209
220
93
155
93
155
220
209
209
220
232
232
254
56
209
209
220
209
232
232
232
232
252
220
232
232
252
252
252
220
220
232
232
117
306
93
93
220
209
209
209
252
232
254
56
232
252
252
252
232
232
252
272
232
232
232
252
209
252
272
272
272
272
108
306
93
93
252
209
209
252
252
252
254
56
272
272
272
252
220
252
232
272
272
272
272
220
252
232
272
272
272
254
254
93
306
56
108
252
209
220
252
252
252
254
93
254
252
145
252
252
252
232
232
254
272
272
232
232
232
232
252
252
117
93
306
56
93
252
220
209
209
220
272
254
108
56
117
56
56
56
155
108
93
93
155
155
122
306
122
122
122
122
155
155
